# JRE version: Java(TM) SE Runtime Environment (8.0_211-b12) (build 1.8.0_211-b12)
# Java VM: Java HotSpot(TM) 64-Bit Server VM (25.211-b12 mixed mode windows-amd64 compressed oops)
Heap:
 PSYoungGen      total 107008K, used 57411K [0x00000000f5580000, 0x0000000100000000, 0x0000000100000000)
  eden space 94208K, 60% used [0x00000000f5580000,0x00000000f8d90f70,0x00000000fb180000)
  from space 12800K, 0% used [0x00000000fb180000,0x00000000fb180000,0x00000000fbe00000)
  to   space 12800K, 0% used [0x00000000ff380000,0x00000000ff380000,0x0000000100000000)
 ParOldGen       total 175104K, used 15382K [0x00000000e0000000, 0x00000000eab00000, 0x00000000f5580000)
  object space 175104K, 8% used [0x00000000e0000000,0x00000000e0f058f8,0x00000000eab00000)
 Metaspace       used 40088K, capacity 41124K, committed 41472K, reserved 1085440K
  class space    used 5481K, capacity 5810K, committed 5888K, reserved 1048576K
GC Heap History (10 events):
Event: 10.955 GC heap before
{Heap before GC invocations=5 (full 1):
 PSYoungGen      total 76288K, used 65536K [0x00000000f5580000, 0x00000000faa80000, 0x0000000100000000)
  eden space 65536K, 100% used [0x00000000f5580000,0x00000000f9580000,0x00000000f9580000)
  from space 10752K, 0% used [0x00000000f9580000,0x00000000f9580000,0x00000000fa000000)
  to   space 10752K, 0% used [0x00000000fa000000,0x00000000fa000000,0x00000000faa80000)
 ParOldGen       total 175104K, used 10793K [0x00000000e0000000, 0x00000000eab00000, 0x00000000f5580000)
  object space 175104K, 6% used [0x00000000e0000000,0x00000000e0a8a400,0x00000000eab00000)
 Metaspace       used 27795K, capacity 28304K, committed 28544K, reserved 1073152K
  class space    used 3784K, capacity 3942K, committed 3968K, reserved 1048576K
Event: 10.967 GC heap after
Heap after GC invocations=5 (full 1):
 PSYoungGen      total 76288K, used 8119K [0x00000000f5580000, 0x00000000fc400000, 0x0000000100000000)
  eden space 65536K, 0% used [0x00000000f5580000,0x00000000f5580000,0x00000000f9580000)
  from space 10752K, 75% used [0x00000000fa000000,0x00000000fa7edea8,0x00000000faa80000)
  to   space 10752K, 0% used [0x00000000f9580000,0x00000000f9580000,0x00000000fa000000)
 ParOldGen       total 175104K, used 10801K [0x00000000e0000000, 0x00000000eab00000, 0x00000000f5580000)
  object space 175104K, 6% used [0x00000000e0000000,0x00000000e0a8c400,0x00000000eab00000)
 Metaspace       used 27795K, capacity 28304K, committed 28544K, reserved 1073152K
  class space    used 3784K, capacity 3942K, committed 3968K, reserved 1048576K
}
Event: 12.256 GC heap before
{Heap before GC invocations=6 (full 1):
 PSYoungGen      total 76288K, used 73655K [0x00000000f5580000, 0x00000000fc400000, 0x0000000100000000)
  eden space 65536K, 100% used [0x00000000f5580000,0x00000000f9580000,0x00000000f9580000)
  from space 10752K, 75% used [0x00000000fa000000,0x00000000fa7edea8,0x00000000faa80000)
  to   space 10752K, 0% used [0x00000000f9580000,0x00000000f9580000,0x00000000fa000000)
 ParOldGen       total 175104K, used 10801K [0x00000000e0000000, 0x00000000eab00000, 0x00000000f5580000)
  object space 175104K, 6% used [0x00000000e0000000,0x00000000e0a8c400,0x00000000eab00000)
 Metaspace       used 31127K, capacity 31772K, committed 32000K, reserved 1077248K
  class space    used 4342K, capacity 4563K, committed 4608K, reserved 1048576K
Event: 12.279 GC heap after
Heap after GC invocations=6 (full 1):
 PSYoungGen      total 76288K, used 9638K [0x00000000f5580000, 0x00000000fcb00000, 0x0000000100000000)
  eden space 65536K, 0% used [0x00000000f5580000,0x00000000f5580000,0x00000000f9580000)
  from space 10752K, 89% used [0x00000000f9580000,0x00000000f9ee9808,0x00000000fa000000)
  to   space 12288K, 0% used [0x00000000fbf00000,0x00000000fbf00000,0x00000000fcb00000)
 ParOldGen       total 175104K, used 10809K [0x00000000e0000000, 0x00000000eab00000, 0x00000000f5580000)
  object space 175104K, 6% used [0x00000000e0000000,0x00000000e0a8e400,0x00000000eab00000)
 Metaspace       used 31127K, capacity 31772K, committed 32000K, reserved 1077248K
  class space    used 4342K, capacity 4563K, committed 4608K, reserved 1048576K
}
Event: 15.058 GC heap before
{Heap before GC invocations=7 (full 1):
 PSYoungGen      total 76288K, used 75174K [0x00000000f5580000, 0x00000000fcb00000, 0x0000000100000000)
  eden space 65536K, 100% used [0x00000000f5580000,0x00000000f9580000,0x00000000f9580000)
  from space 10752K, 89% used [0x00000000f9580000,0x00000000f9ee9808,0x00000000fa000000)
  to   space 12288K, 0% used [0x00000000fbf00000,0x00000000fbf00000,0x00000000fcb00000)
 ParOldGen       total 175104K, used 10809K [0x00000000e0000000, 0x00000000eab00000, 0x00000000f5580000)
  object space 175104K, 6% used [0x00000000e0000000,0x00000000e0a8e400,0x00000000eab00000)
 Metaspace       used 34462K, capacity 35274K, committed 35328K, reserved 1079296K
  class space    used 4853K, capacity 5098K, committed 5120K, reserved 1048576K
Event: 15.075 GC heap after
Heap after GC invocations=7 (full 1):
 PSYoungGen      total 105984K, used 10938K [0x00000000f5580000, 0x00000000fca80000, 0x0000000100000000)
  eden space 94208K, 0% used [0x00000000f5580000,0x00000000f5580000,0x00000000fb180000)
  from space 11776K, 92% used [0x00000000fbf00000,0x00000000fc9aebc0,0x00000000fca80000)
  to   space 12800K, 0% used [0x00000000fb180000,0x00000000fb180000,0x00000000fbe00000)
 ParOldGen       total 175104K, used 10817K [0x00000000e0000000, 0x00000000eab00000, 0x00000000f5580000)
  object space 175104K, 6% used [0x00000000e0000000,0x00000000e0a90400,0x00000000eab00000)
 Metaspace       used 34462K, capacity 35274K, committed 35328K, reserved 1079296K
  class space    used 4853K, capacity 5098K, committed 5120K, reserved 1048576K
}
Event: 15.369 GC heap before
{Heap before GC invocations=8 (full 1):
 PSYoungGen      total 105984K, used 14259K [0x00000000f5580000, 0x00000000fca80000, 0x0000000100000000)
  eden space 94208K, 3% used [0x00000000f5580000,0x00000000f58be1c0,0x00000000fb180000)
  from space 11776K, 92% used [0x00000000fbf00000,0x00000000fc9aebc0,0x00000000fca80000)
  to   space 12800K, 0% used [0x00000000fb180000,0x00000000fb180000,0x00000000fbe00000)
 ParOldGen       total 175104K, used 10817K [0x00000000e0000000, 0x00000000eab00000, 0x00000000f5580000)
  object space 175104K, 6% used [0x00000000e0000000,0x00000000e0a90400,0x00000000eab00000)
 Metaspace       used 34535K, capacity 35338K, committed 35416K, reserved 1079296K
  class space    used 4867K, capacity 5098K, committed 5120K, reserved 1048576K
Event: 15.383 GC heap after
Heap after GC invocations=8 (full 1):
 PSYoungGen      total 107008K, used 8339K [0x00000000f5580000, 0x0000000100000000, 0x0000000100000000)
  eden space 94208K, 0% used [0x00000000f5580000,0x00000000f5580000,0x00000000fb180000)
  from space 12800K, 65% used [0x00000000fb180000,0x00000000fb9a4f68,0x00000000fbe00000)
  to   space 12800K, 0% used [0x00000000ff380000,0x00000000ff380000,0x0000000100000000)
 ParOldGen       total 175104K, used 10817K [0x00000000e0000000, 0x00000000eab00000, 0x00000000f5580000)
  object space 175104K, 6% used [0x00000000e0000000,0x00000000e0a90400,0x00000000eab00000)
 Metaspace       used 34535K, capacity 35338K, committed 35416K, reserved 1079296K
  class space    used 4867K, capacity 5098K, committed 5120K, reserved 1048576K
}
Event: 15.383 GC heap before
{Heap before GC invocations=9 (full 2):
 PSYoungGen      total 107008K, used 8339K [0x00000000f5580000, 0x0000000100000000, 0x0000000100000000)
  eden space 94208K, 0% used [0x00000000f5580000,0x00000000f5580000,0x00000000fb180000)
  from space 12800K, 65% used [0x00000000fb180000,0x00000000fb9a4f68,0x00000000fbe00000)
  to   space 12800K, 0% used [0x00000000ff380000,0x00000000ff380000,0x0000000100000000)
 ParOldGen       total 175104K, used 10817K [0x00000000e0000000, 0x00000000eab00000, 0x00000000f5580000)
  object space 175104K, 6% used [0x00000000e0000000,0x00000000e0a90400,0x00000000eab00000)
 Metaspace       used 34535K, capacity 35338K, committed 35416K, reserved 1079296K
  class space    used 4867K, capacity 5098K, committed 5120K, reserved 1048576K
Event: 15.485 GC heap after
Heap after GC invocations=9 (full 2):
 PSYoungGen      total 107008K, used 0K [0x00000000f5580000, 0x0000000100000000, 0x0000000100000000)
  eden space 94208K, 0% used [0x00000000f5580000,0x00000000f5580000,0x00000000fb180000)
  from space 12800K, 0% used [0x00000000fb180000,0x00000000fb180000,0x00000000fbe00000)
  to   space 12800K, 0% used [0x00000000ff380000,0x00000000ff380000,0x0000000100000000)
 ParOldGen       total 175104K, used 15382K [0x00000000e0000000, 0x00000000eab00000, 0x00000000f5580000)
  object space 175104K, 8% used [0x00000000e0000000,0x00000000e0f058f8,0x00000000eab00000)
 Metaspace       used 34527K, capacity 35314K, committed 35416K, reserved 1079296K
  class space    used 4864K, capacity 5094K, committed 5120K, reserved 1048576K
}

