# JRE version: Java(TM) SE Runtime Environment (8.0_211-b12) (build 1.8.0_211-b12)
# Java VM: Java HotSpot(TM) 64-Bit Server VM (25.211-b12 mixed mode windows-amd64 compressed oops)
Heap:
 PSYoungGen      total 155136K, used 130935K [0x00000000f5580000, 0x0000000100000000, 0x0000000100000000)
  eden space 136192K, 82% used [0x00000000f5580000,0x00000000fc2de570,0x00000000fda80000)
  from space 18944K, 99% used [0x00000000fda80000,0x00000000fecffa60,0x00000000fed00000)
  to   space 19456K, 0% used [0x00000000fed00000,0x00000000fed00000,0x0000000100000000)
 ParOldGen       total 186368K, used 74995K [0x00000000e0000000, 0x00000000eb600000, 0x00000000f5580000)
  object space 186368K, 40% used [0x00000000e0000000,0x00000000e493cd58,0x00000000eb600000)
 Metaspace       used 67783K, capacity 70008K, committed 70272K, reserved 1110016K
  class space    used 9283K, capacity 9797K, committed 9856K, reserved 1048576K
GC Heap History (10 events):
Event: 31.796 GC heap before
{Heap before GC invocations=14 (full 3):
 PSYoungGen      total 135168K, used 14463K [0x00000000f5580000, 0x0000000100000000, 0x0000000100000000)
  eden space 116736K, 0% used [0x00000000f5580000,0x00000000f5580000,0x00000000fc780000)
  from space 18432K, 78% used [0x00000000fc780000,0x00000000fd59fdc8,0x00000000fd980000)
  to   space 18944K, 0% used [0x00000000fed80000,0x00000000fed80000,0x0000000100000000)
 ParOldGen       total 175104K, used 21018K [0x00000000e0000000, 0x00000000eab00000, 0x00000000f5580000)
  object space 175104K, 12% used [0x00000000e0000000,0x00000000e14869f0,0x00000000eab00000)
 Metaspace       used 57090K, capacity 58792K, committed 59008K, reserved 1099776K
  class space    used 7848K, capacity 8307K, committed 8320K, reserved 1048576K
Event: 32.089 GC heap after
Heap after GC invocations=14 (full 3):
 PSYoungGen      total 135168K, used 0K [0x00000000f5580000, 0x0000000100000000, 0x0000000100000000)
  eden space 116736K, 0% used [0x00000000f5580000,0x00000000f5580000,0x00000000fc780000)
  from space 18432K, 0% used [0x00000000fc780000,0x00000000fc780000,0x00000000fd980000)
  to   space 18944K, 0% used [0x00000000fed80000,0x00000000fed80000,0x0000000100000000)
 ParOldGen       total 186368K, used 29057K [0x00000000e0000000, 0x00000000eb600000, 0x00000000f5580000)
  object space 186368K, 15% used [0x00000000e0000000,0x00000000e1c60400,0x00000000eb600000)
 Metaspace       used 57090K, capacity 58792K, committed 59008K, reserved 1099776K
  class space    used 7848K, capacity 8307K, committed 8320K, reserved 1048576K
}
Event: 38.516 GC heap before
{Heap before GC invocations=15 (full 3):
 PSYoungGen      total 135168K, used 116736K [0x00000000f5580000, 0x0000000100000000, 0x0000000100000000)
  eden space 116736K, 100% used [0x00000000f5580000,0x00000000fc780000,0x00000000fc780000)
  from space 18432K, 0% used [0x00000000fc780000,0x00000000fc780000,0x00000000fd980000)
  to   space 18944K, 0% used [0x00000000fed80000,0x00000000fed80000,0x0000000100000000)
 ParOldGen       total 186368K, used 29057K [0x00000000e0000000, 0x00000000eb600000, 0x00000000f5580000)
  object space 186368K, 15% used [0x00000000e0000000,0x00000000e1c60400,0x00000000eb600000)
 Metaspace       used 64305K, capacity 66238K, committed 66560K, reserved 1105920K
  class space    used 8888K, capacity 9424K, committed 9472K, reserved 1048576K
Event: 38.567 GC heap after
Heap after GC invocations=15 (full 3):
 PSYoungGen      total 155648K, used 13864K [0x00000000f5580000, 0x0000000100000000, 0x0000000100000000)
  eden space 136704K, 0% used [0x00000000f5580000,0x00000000f5580000,0x00000000fdb00000)
  from space 18944K, 73% used [0x00000000fed80000,0x00000000ffb0a380,0x0000000100000000)
  to   space 18944K, 0% used [0x00000000fdb00000,0x00000000fdb00000,0x00000000fed80000)
 ParOldGen       total 186368K, used 29057K [0x00000000e0000000, 0x00000000eb600000, 0x00000000f5580000)
  object space 186368K, 15% used [0x00000000e0000000,0x00000000e1c60400,0x00000000eb600000)
 Metaspace       used 64305K, capacity 66238K, committed 66560K, reserved 1105920K
  class space    used 8888K, capacity 9424K, committed 9472K, reserved 1048576K
}
Event: 42.276 GC heap before
{Heap before GC invocations=16 (full 3):
 PSYoungGen      total 155648K, used 148351K [0x00000000f5580000, 0x0000000100000000, 0x0000000100000000)
  eden space 136704K, 98% used [0x00000000f5580000,0x00000000fd8d5b58,0x00000000fdb00000)
  from space 18944K, 73% used [0x00000000fed80000,0x00000000ffb0a380,0x0000000100000000)
  to   space 18944K, 0% used [0x00000000fdb00000,0x00000000fdb00000,0x00000000fed80000)
 ParOldGen       total 186368K, used 29057K [0x00000000e0000000, 0x00000000eb600000, 0x00000000f5580000)
  object space 186368K, 15% used [0x00000000e0000000,0x00000000e1c60400,0x00000000eb600000)
 Metaspace       used 66558K, capacity 68836K, committed 68992K, reserved 1107968K
  class space    used 9197K, capacity 9755K, committed 9856K, reserved 1048576K
Event: 42.318 GC heap after
Heap after GC invocations=16 (full 3):
 PSYoungGen      total 151552K, used 14462K [0x00000000f5580000, 0x0000000100000000, 0x0000000100000000)
  eden space 136704K, 0% used [0x00000000f5580000,0x00000000f5580000,0x00000000fdb00000)
  from space 14848K, 97% used [0x00000000fdb00000,0x00000000fe91f870,0x00000000fe980000)
  to   space 19456K, 0% used [0x00000000fed00000,0x00000000fed00000,0x0000000100000000)
 ParOldGen       total 186368K, used 56056K [0x00000000e0000000, 0x00000000eb600000, 0x00000000f5580000)
  object space 186368K, 30% used [0x00000000e0000000,0x00000000e36be3d8,0x00000000eb600000)
 Metaspace       used 66558K, capacity 68836K, committed 68992K, reserved 1107968K
  class space    used 9197K, capacity 9755K, committed 9856K, reserved 1048576K
}
Event: 46.118 GC heap before
{Heap before GC invocations=17 (full 3):
 PSYoungGen      total 151552K, used 151166K [0x00000000f5580000, 0x0000000100000000, 0x0000000100000000)
  eden space 136704K, 100% used [0x00000000f5580000,0x00000000fdb00000,0x00000000fdb00000)
  from space 14848K, 97% used [0x00000000fdb00000,0x00000000fe91f870,0x00000000fe980000)
  to   space 19456K, 0% used [0x00000000fed00000,0x00000000fed00000,0x0000000100000000)
 ParOldGen       total 186368K, used 56056K [0x00000000e0000000, 0x00000000eb600000, 0x00000000f5580000)
  object space 186368K, 30% used [0x00000000e0000000,0x00000000e36be3d8,0x00000000eb600000)
 Metaspace       used 67324K, capacity 69554K, committed 69760K, reserved 1110016K
  class space    used 9265K, capacity 9796K, committed 9856K, reserved 1048576K
Event: 46.152 GC heap after
Heap after GC invocations=17 (full 3):
 PSYoungGen      total 155648K, used 10332K [0x00000000f5580000, 0x0000000100000000, 0x0000000100000000)
  eden space 136192K, 0% used [0x00000000f5580000,0x00000000f5580000,0x00000000fda80000)
  from space 19456K, 53% used [0x00000000fed00000,0x00000000ff7173a8,0x0000000100000000)
  to   space 18944K, 0% used [0x00000000fda80000,0x00000000fda80000,0x00000000fed00000)
 ParOldGen       total 186368K, used 63838K [0x00000000e0000000, 0x00000000eb600000, 0x00000000f5580000)
  object space 186368K, 34% used [0x00000000e0000000,0x00000000e3e57a40,0x00000000eb600000)
 Metaspace       used 67324K, capacity 69554K, committed 69760K, reserved 1110016K
  class space    used 9265K, capacity 9796K, committed 9856K, reserved 1048576K
}
Event: 47.130 GC heap before
{Heap before GC invocations=18 (full 3):
 PSYoungGen      total 155648K, used 146524K [0x00000000f5580000, 0x0000000100000000, 0x0000000100000000)
  eden space 136192K, 100% used [0x00000000f5580000,0x00000000fda80000,0x00000000fda80000)
  from space 19456K, 53% used [0x00000000fed00000,0x00000000ff7173a8,0x0000000100000000)
  to   space 18944K, 0% used [0x00000000fda80000,0x00000000fda80000,0x00000000fed00000)
 ParOldGen       total 186368K, used 63838K [0x00000000e0000000, 0x00000000eb600000, 0x00000000f5580000)
  object space 186368K, 34% used [0x00000000e0000000,0x00000000e3e57a40,0x00000000eb600000)
 Metaspace       used 67619K, capacity 69874K, committed 70016K, reserved 1110016K
  class space    used 9278K, capacity 9796K, committed 9856K, reserved 1048576K
Event: 47.146 GC heap after
Heap after GC invocations=18 (full 3):
 PSYoungGen      total 155136K, used 18942K [0x00000000f5580000, 0x0000000100000000, 0x0000000100000000)
  eden space 136192K, 0% used [0x00000000f5580000,0x00000000f5580000,0x00000000fda80000)
  from space 18944K, 99% used [0x00000000fda80000,0x00000000fecffa60,0x00000000fed00000)
  to   space 19456K, 0% used [0x00000000fed00000,0x00000000fed00000,0x0000000100000000)
 ParOldGen       total 186368K, used 74995K [0x00000000e0000000, 0x00000000eb600000, 0x00000000f5580000)
  object space 186368K, 40% used [0x00000000e0000000,0x00000000e493cd58,0x00000000eb600000)
 Metaspace       used 67619K, capacity 69874K, committed 70016K, reserved 1110016K
  class space    used 9278K, capacity 9796K, committed 9856K, reserved 1048576K
}

