# JRE version: Java(TM) SE Runtime Environment (8.0_211-b12) (build 1.8.0_211-b12)
# Java VM: Java HotSpot(TM) 64-Bit Server VM (25.211-b12 mixed mode windows-amd64 compressed oops)
Heap:
 PSYoungGen      total 78336K, used 29581K [0x00000000f5580000, 0x00000000fbc00000, 0x0000000100000000)
  eden space 65536K, 45% used [0x00000000f5580000,0x00000000f72635c0,0x00000000f9580000)
  from space 12800K, 0% used [0x00000000faf80000,0x00000000faf80000,0x00000000fbc00000)
  to   space 10752K, 0% used [0x00000000f9580000,0x00000000f9580000,0x00000000fa000000)
 ParOldGen       total 175104K, used 17238K [0x00000000e0000000, 0x00000000eab00000, 0x00000000f5580000)
  object space 175104K, 9% used [0x00000000e0000000,0x00000000e10d5a30,0x00000000eab00000)
 Metaspace       used 36317K, capacity 37030K, committed 37208K, reserved 1081344K
  class space    used 4995K, capacity 5216K, committed 5248K, reserved 1048576K
GC Heap History (10 events):
Event: 23.923 GC heap before
{Heap before GC invocations=4 (full 1):
 PSYoungGen      total 76288K, used 10745K [0x00000000f5580000, 0x00000000faa80000, 0x0000000100000000)
  eden space 65536K, 0% used [0x00000000f5580000,0x00000000f5580000,0x00000000f9580000)
  from space 10752K, 99% used [0x00000000f9580000,0x00000000f9ffe480,0x00000000fa000000)
  to   space 10752K, 0% used [0x00000000fa000000,0x00000000fa000000,0x00000000faa80000)
 ParOldGen       total 175104K, used 247K [0x00000000e0000000, 0x00000000eab00000, 0x00000000f5580000)
  object space 175104K, 0% used [0x00000000e0000000,0x00000000e003dfc8,0x00000000eab00000)
 Metaspace       used 20741K, capacity 21148K, committed 21248K, reserved 1067008K
  class space    used 2931K, capacity 3072K, committed 3072K, reserved 1048576K
Event: 24.146 GC heap after
Heap after GC invocations=4 (full 1):
 PSYoungGen      total 76288K, used 0K [0x00000000f5580000, 0x00000000faa80000, 0x0000000100000000)
  eden space 65536K, 0% used [0x00000000f5580000,0x00000000f5580000,0x00000000f9580000)
  from space 10752K, 0% used [0x00000000f9580000,0x00000000f9580000,0x00000000fa000000)
  to   space 10752K, 0% used [0x00000000fa000000,0x00000000fa000000,0x00000000faa80000)
 ParOldGen       total 175104K, used 10681K [0x00000000e0000000, 0x00000000eab00000, 0x00000000f5580000)
  object space 175104K, 6% used [0x00000000e0000000,0x00000000e0a6e708,0x00000000eab00000)
 Metaspace       used 20741K, capacity 21148K, committed 21248K, reserved 1067008K
  class space    used 2931K, capacity 3072K, committed 3072K, reserved 1048576K
}
Event: 30.499 GC heap before
{Heap before GC invocations=5 (full 1):
 PSYoungGen      total 76288K, used 65536K [0x00000000f5580000, 0x00000000faa80000, 0x0000000100000000)
  eden space 65536K, 100% used [0x00000000f5580000,0x00000000f9580000,0x00000000f9580000)
  from space 10752K, 0% used [0x00000000f9580000,0x00000000f9580000,0x00000000fa000000)
  to   space 10752K, 0% used [0x00000000fa000000,0x00000000fa000000,0x00000000faa80000)
 ParOldGen       total 175104K, used 10681K [0x00000000e0000000, 0x00000000eab00000, 0x00000000f5580000)
  object space 175104K, 6% used [0x00000000e0000000,0x00000000e0a6e708,0x00000000eab00000)
 Metaspace       used 28953K, capacity 29458K, committed 29568K, reserved 1075200K
  class space    used 3796K, capacity 3959K, committed 3968K, reserved 1048576K
Event: 30.515 GC heap after
Heap after GC invocations=5 (full 1):
 PSYoungGen      total 76288K, used 8737K [0x00000000f5580000, 0x00000000fb800000, 0x0000000100000000)
  eden space 65536K, 0% used [0x00000000f5580000,0x00000000f5580000,0x00000000f9580000)
  from space 10752K, 81% used [0x00000000fa000000,0x00000000fa8887d0,0x00000000faa80000)
  to   space 10752K, 0% used [0x00000000f9580000,0x00000000f9580000,0x00000000fa000000)
 ParOldGen       total 175104K, used 10689K [0x00000000e0000000, 0x00000000eab00000, 0x00000000f5580000)
  object space 175104K, 6% used [0x00000000e0000000,0x00000000e0a70708,0x00000000eab00000)
 Metaspace       used 28953K, capacity 29458K, committed 29568K, reserved 1075200K
  class space    used 3796K, capacity 3959K, committed 3968K, reserved 1048576K
}
Event: 36.504 GC heap before
{Heap before GC invocations=6 (full 1):
 PSYoungGen      total 76288K, used 74273K [0x00000000f5580000, 0x00000000fb800000, 0x0000000100000000)
  eden space 65536K, 100% used [0x00000000f5580000,0x00000000f9580000,0x00000000f9580000)
  from space 10752K, 81% used [0x00000000fa000000,0x00000000fa8887d0,0x00000000faa80000)
  to   space 10752K, 0% used [0x00000000f9580000,0x00000000f9580000,0x00000000fa000000)
 ParOldGen       total 175104K, used 10689K [0x00000000e0000000, 0x00000000eab00000, 0x00000000f5580000)
  object space 175104K, 6% used [0x00000000e0000000,0x00000000e0a70708,0x00000000eab00000)
 Metaspace       used 32499K, capacity 33006K, committed 33280K, reserved 1077248K
  class space    used 4397K, capacity 4567K, committed 4608K, reserved 1048576K
Event: 36.520 GC heap after
Heap after GC invocations=6 (full 1):
 PSYoungGen      total 76288K, used 10493K [0x00000000f5580000, 0x00000000fbc00000, 0x0000000100000000)
  eden space 65536K, 0% used [0x00000000f5580000,0x00000000f5580000,0x00000000f9580000)
  from space 10752K, 97% used [0x00000000f9580000,0x00000000f9fbf780,0x00000000fa000000)
  to   space 12800K, 0% used [0x00000000faf80000,0x00000000faf80000,0x00000000fbc00000)
 ParOldGen       total 175104K, used 10697K [0x00000000e0000000, 0x00000000eab00000, 0x00000000f5580000)
  object space 175104K, 6% used [0x00000000e0000000,0x00000000e0a72708,0x00000000eab00000)
 Metaspace       used 32499K, capacity 33006K, committed 33280K, reserved 1077248K
  class space    used 4397K, capacity 4567K, committed 4608K, reserved 1048576K
}
Event: 38.096 GC heap before
{Heap before GC invocations=7 (full 1):
 PSYoungGen      total 76288K, used 57897K [0x00000000f5580000, 0x00000000fbc00000, 0x0000000100000000)
  eden space 65536K, 72% used [0x00000000f5580000,0x00000000f83cad88,0x00000000f9580000)
  from space 10752K, 97% used [0x00000000f9580000,0x00000000f9fbf780,0x00000000fa000000)
  to   space 12800K, 0% used [0x00000000faf80000,0x00000000faf80000,0x00000000fbc00000)
 ParOldGen       total 175104K, used 10697K [0x00000000e0000000, 0x00000000eab00000, 0x00000000f5580000)
  object space 175104K, 6% used [0x00000000e0000000,0x00000000e0a72708,0x00000000eab00000)
 Metaspace       used 34686K, capacity 35278K, committed 35416K, reserved 1079296K
  class space    used 4758K, capacity 4983K, committed 4992K, reserved 1048576K
Event: 38.136 GC heap after
Heap after GC invocations=7 (full 1):
 PSYoungGen      total 78336K, used 10533K [0x00000000f5580000, 0x00000000fbc00000, 0x0000000100000000)
  eden space 65536K, 0% used [0x00000000f5580000,0x00000000f5580000,0x00000000f9580000)
  from space 12800K, 82% used [0x00000000faf80000,0x00000000fb9c9620,0x00000000fbc00000)
  to   space 10752K, 0% used [0x00000000f9580000,0x00000000f9580000,0x00000000fa000000)
 ParOldGen       total 175104K, used 10705K [0x00000000e0000000, 0x00000000eab00000, 0x00000000f5580000)
  object space 175104K, 6% used [0x00000000e0000000,0x00000000e0a74708,0x00000000eab00000)
 Metaspace       used 34686K, capacity 35278K, committed 35416K, reserved 1079296K
  class space    used 4758K, capacity 4983K, committed 4992K, reserved 1048576K
}
Event: 38.136 GC heap before
{Heap before GC invocations=8 (full 2):
 PSYoungGen      total 78336K, used 10533K [0x00000000f5580000, 0x00000000fbc00000, 0x0000000100000000)
  eden space 65536K, 0% used [0x00000000f5580000,0x00000000f5580000,0x00000000f9580000)
  from space 12800K, 82% used [0x00000000faf80000,0x00000000fb9c9620,0x00000000fbc00000)
  to   space 10752K, 0% used [0x00000000f9580000,0x00000000f9580000,0x00000000fa000000)
 ParOldGen       total 175104K, used 10705K [0x00000000e0000000, 0x00000000eab00000, 0x00000000f5580000)
  object space 175104K, 6% used [0x00000000e0000000,0x00000000e0a74708,0x00000000eab00000)
 Metaspace       used 34686K, capacity 35278K, committed 35416K, reserved 1079296K
  class space    used 4758K, capacity 4983K, committed 4992K, reserved 1048576K
Event: 38.231 GC heap after
Heap after GC invocations=8 (full 2):
 PSYoungGen      total 78336K, used 0K [0x00000000f5580000, 0x00000000fbc00000, 0x0000000100000000)
  eden space 65536K, 0% used [0x00000000f5580000,0x00000000f5580000,0x00000000f9580000)
  from space 12800K, 0% used [0x00000000faf80000,0x00000000faf80000,0x00000000fbc00000)
  to   space 10752K, 0% used [0x00000000f9580000,0x00000000f9580000,0x00000000fa000000)
 ParOldGen       total 175104K, used 17238K [0x00000000e0000000, 0x00000000eab00000, 0x00000000f5580000)
  object space 175104K, 9% used [0x00000000e0000000,0x00000000e10d5a30,0x00000000eab00000)
 Metaspace       used 34682K, capacity 35272K, committed 35416K, reserved 1079296K
  class space    used 4757K, capacity 4981K, committed 4992K, reserved 1048576K
}

